<?xml version="1.0" encoding="UTF-8"?>
<!-- Generated by org.testng.reporters.JUnitReportReporter -->
<testsuite hostname="Rohit" failures="0" tests="3" name="tests.TC01_LoginToPortal" time="6.923" errors="0" timestamp="2025-05-29T22:21:09 IST" skipped="0">
  <testcase classname="tests.TC01_LoginToPortal" name="login" time="1.450"/>
  <system-out/>
  <testcase classname="tests.TC01_LoginToPortal" name="selectProduct" time="0.212"/>
  <system-out/>
  <testcase classname="tests.TC01_LoginToPortal" name="checkOut" time="5.261"/>
  <system-out/>
</testsuite> <!-- tests.TC01_LoginToPortal -->
