<?xml version="1.0" encoding="UTF-8"?>
<!-- Generated by org.testng.reporters.JUnitReportReporter -->
<testsuite hostname="Rohit" failures="0" tests="1" name="tests.Test_01" time="0.289" errors="0" timestamp="2025-07-31T12:34:46 IST" skipped="0">
  <testcase classname="tests.Test_01" name="login" time="0.289"/>
</testsuite> <!-- tests.Test_01 -->
